2024-02-27 14:11:14.2028 | Info | App starting.
2024-02-27 14:11:14.2744 | Info | New account created for 01/01/2014.
2024-02-27 14:11:14.2802 | Info | New account created for Jon A.
2024-02-27 14:11:14.2802 | Info | New account created for Sarah T.
2024-02-27 14:11:14.2802 | Info | New account created for Pokemon Training.
2024-02-27 14:11:14.2802 | Info | New account created for 7.8.
2024-02-27 14:11:14.2802 | Info | New account created for 04/01/2014.
2024-02-27 14:11:14.2802 | Info | New account created for Stephen S.
2024-02-27 14:11:14.2802 | Info | New account created for Tim L.
2024-02-27 14:11:14.2802 | Info | New account created for Lunch.
2024-02-27 14:11:14.2802 | Info | New account created for 4.37.
2024-02-27 14:11:14.2802 | Info | New account created for 08/01/2014.
2024-02-27 14:11:14.2802 | Info | New account created for Laura B.
2024-02-27 14:11:14.2802 | Info | New account created for Stephen S.
2024-02-27 14:11:14.2802 | Info | New account created for Lunch.
2024-02-27 14:11:14.2802 | Info | New account created for 5.09.
2024-02-27 14:11:14.2802 | Info | New account created for 11/01/2014.
2024-02-27 14:11:14.2802 | Info | New account created for Rob S.
2024-02-27 14:11:14.2802 | Info | New account created for Ben B.
2024-02-27 14:11:14.2802 | Info | New account created for Misc Morale.
2024-02-27 14:11:14.2934 | Info | New account created for 7.8.
2024-02-27 14:11:14.2934 | Info | New account created for 14/01/2014.
2024-02-27 14:11:14.2934 | Info | New account created for Stephen S.
2024-02-27 14:11:14.2934 | Info | New account created for Ben B.
2024-02-27 14:11:14.2934 | Info | New account created for Beers.
2024-02-27 14:11:14.2934 | Info | New account created for 7.36.
2024-02-27 14:11:14.2934 | Info | New account created for 15/01/2014.
2024-02-27 14:11:14.2934 | Info | New account created for Sam N.
2024-02-27 14:11:14.2934 | Info | New account created for Stephen S.
2024-02-27 14:11:14.2934 | Info | New account created for Spline Reticulation.
2024-02-27 14:11:14.2934 | Info | New account created for 11.63.
2024-02-27 14:11:14.2934 | Info | New account created for 19/01/2014.
2024-02-27 14:11:14.2934 | Info | New account created for Stephen S.
2024-02-27 14:11:14.2934 | Info | New account created for Gergana I.
2024-02-27 14:11:14.2934 | Info | New account created for Beers.
2024-02-27 14:11:14.2934 | Info | New account created for 5.88.
2024-02-27 14:11:14.2934 | Info | New account created for 20/01/2014.
2024-02-27 14:11:14.2934 | Info | New account created for Sam N.
2024-02-27 14:11:14.2934 | Info | New account created for Stephen S.
2024-02-27 14:11:14.2934 | Info | New account created for Beers.
2024-02-27 14:11:14.2934 | Info | New account created for 8.2.
2024-02-27 14:11:14.2934 | Info | New account created for 24/01/2014.
2024-02-27 14:11:14.2934 | Info | New account created for Laura B.
2024-02-27 14:11:14.2934 | Info | New account created for Sam N.
2024-02-27 14:11:14.2934 | Info | New account created for Coffee.
2024-02-27 14:11:14.2934 | Info | New account created for 11.68.
2024-02-27 14:11:14.2934 | Info | New account created for 28/01/2014.
2024-02-27 14:11:14.2934 | Info | New account created for Todd.
2024-02-27 14:11:14.2934 | Info | New account created for Ben B.
2024-02-27 14:11:14.2934 | Info | New account created for Coffee.
2024-02-27 14:11:14.2934 | Info | New account created for 6.81.
2024-02-27 14:11:14.2934 | Info | New account created for 31/01/2014.
2024-02-27 14:11:14.2934 | Info | New account created for Sam N.
2024-02-27 14:11:14.2934 | Info | New account created for Gergana I.
2024-02-27 14:11:14.2934 | Info | New account created for Services Rendered.
2024-02-27 14:11:14.2934 | Info | New account created for 6.29.
2024-02-27 14:11:14.2934 | Info | New account created for 01/02/2014.
2024-02-27 14:11:14.2934 | Info | New account created for Todd.
2024-02-27 14:11:14.2934 | Info | New account created for Ben B.
2024-02-27 14:11:14.2934 | Info | New account created for Snooker Night.
2024-02-27 14:11:14.2934 | Info | New account created for 6.87.
2024-02-27 14:11:14.2934 | Info | New account created for 04/02/2014.
2024-02-27 14:11:14.2934 | Info | New account created for Chris W.
2024-02-27 14:11:14.2934 | Info | New account created for Ben B.
2024-02-27 14:11:14.2934 | Info | New account created for Spline Reticulation.
2024-02-27 14:11:14.2934 | Info | New account created for 6.03.
2024-02-27 14:11:14.2934 | Info | New account created for 05/02/2014.
2024-02-27 14:11:14.2934 | Info | New account created for Todd.
2024-02-27 14:11:14.2934 | Info | New account created for Rob S.
2024-02-27 14:11:14.2934 | Info | New account created for Sandbox Help.
2024-02-27 14:11:14.2934 | Info | New account created for 5.62.
2024-02-27 14:11:14.3085 | Info | New account created for 07/02/2014.
2024-02-27 14:11:14.3085 | Info | New account created for Jon A.
2024-02-27 14:11:14.3085 | Info | New account created for Sam N.
2024-02-27 14:11:14.3085 | Info | New account created for Beers.
2024-02-27 14:11:14.3085 | Info | New account created for 1.65.
2024-02-27 14:11:14.3085 | Info | New account created for 10/02/2014.
2024-02-27 14:11:14.3085 | Info | New account created for Dan W.
2024-02-27 14:11:14.3085 | Info | New account created for Sam N.
2024-02-27 14:11:14.3085 | Info | New account created for Lunch.
2024-02-27 14:11:14.3085 | Info | New account created for 0.93.
2024-02-27 14:11:14.3085 | Info | New account created for 14/02/2014.
2024-02-27 14:11:14.3085 | Info | New account created for Laura B.
2024-02-27 14:11:14.3085 | Info | New account created for Stephen S.
2024-02-27 14:11:14.3085 | Info | New account created for Snooker Night.
2024-02-27 14:11:14.3085 | Info | New account created for 10.78.
2024-02-27 14:11:14.3085 | Info | New account created for 15/02/2014.
2024-02-27 14:11:14.3085 | Info | New account created for Stephen S.
2024-02-27 14:11:14.3085 | Info | New account created for Gergana I.
2024-02-27 14:11:14.3085 | Info | New account created for Rails Consultancy.
2024-02-27 14:11:14.3085 | Info | New account created for 6.91.
2024-02-27 14:11:14.3085 | Info | New account created for 18/02/2014.
2024-02-27 14:11:14.3085 | Info | New account created for Sarah T.
2024-02-27 14:11:14.3085 | Info | New account created for Sam N.
2024-02-27 14:11:14.3085 | Info | New account created for Spline Reticulation.
2024-02-27 14:11:14.3085 | Info | New account created for 1.6.
2024-02-27 14:11:14.3085 | Info | New account created for 22/02/2014.
2024-02-27 14:11:14.3085 | Info | New account created for Tim L.
2024-02-27 14:11:14.3085 | Info | New account created for Sam N.
2024-02-27 14:11:14.3085 | Info | New account created for Pokemon Training.
2024-02-27 14:11:14.3085 | Info | New account created for 5.2.
2024-02-27 14:11:14.3085 | Info | New account created for 25/02/2014.
2024-02-27 14:11:14.3085 | Info | New account created for Todd.
2024-02-27 14:11:14.3085 | Info | New account created for Rob S.
2024-02-27 14:11:14.3085 | Info | New account created for Automated Testing Services.
2024-02-27 14:11:14.3085 | Info | New account created for 7.1.
2024-02-27 14:11:14.3085 | Info | New account created for 27/02/2014.
2024-02-27 14:11:14.3085 | Info | New account created for Ben B.
2024-02-27 14:11:14.3085 | Info | New account created for Rob S.
2024-02-27 14:11:14.3085 | Info | New account created for Snooker Night.
2024-02-27 14:11:14.3085 | Info | New account created for 8.41.
2024-02-27 14:11:14.3085 | Info | New account created for 01/03/2014.
2024-02-27 14:11:14.3085 | Info | New account created for Stephen S.
2024-02-27 14:11:14.3085 | Info | New account created for Jon A.
2024-02-27 14:11:14.3085 | Info | New account created for Coffee.
2024-02-27 14:11:14.3085 | Info | New account created for 8.75.
2024-02-27 14:11:14.3085 | Info | New account created for 03/03/2014.
2024-02-27 14:11:14.3085 | Info | New account created for Sam N.
2024-02-27 14:11:14.3085 | Info | New account created for Gergana I.
2024-02-27 14:11:14.3085 | Info | New account created for Lunch.
2024-02-27 14:11:14.3085 | Info | New account created for 8.76.
2024-02-27 14:11:14.3085 | Info | New account created for 07/03/2014.
2024-02-27 14:11:14.3085 | Info | New account created for Todd.
2024-02-27 14:11:14.3085 | Info | New account created for Laura B.
2024-02-27 14:11:14.3085 | Info | New account created for Pokemon Training.
2024-02-27 14:11:14.3085 | Info | New account created for 9.39.
2024-02-27 14:11:14.3085 | Info | New account created for 10/03/2014.
2024-02-27 14:11:14.3085 | Info | New account created for Todd.
2024-02-27 14:11:14.3085 | Info | New account created for Gergana I.
2024-02-27 14:11:14.3085 | Info | New account created for Sandbox Help.
2024-02-27 14:11:14.3085 | Info | New account created for 1.62.
2024-02-27 14:11:14.3085 | Info | New account created for 14/03/2014.
2024-02-27 14:11:14.3085 | Info | New account created for Sarah T.
2024-02-27 14:11:14.3085 | Info | New account created for Ben B.
2024-02-27 14:11:14.3085 | Info | New account created for Spline Reticulation.
2024-02-27 14:11:14.3085 | Info | New account created for 2.1.
2024-02-27 14:11:14.3085 | Info | New account created for 17/03/2014.
2024-02-27 14:11:14.3085 | Info | New account created for Sarah T.
2024-02-27 14:11:14.3085 | Info | New account created for Stephen S.
2024-02-27 14:11:14.3085 | Info | New account created for Beers.
2024-02-27 14:11:14.3085 | Info | New account created for 0.66.
2024-02-27 14:11:14.3085 | Info | New account created for 20/03/2014.
2024-02-27 14:11:14.3243 | Info | New account created for Tim L.
2024-02-27 14:11:14.3243 | Info | New account created for Sarah T.
2024-02-27 14:11:14.3243 | Info | New account created for Lego Assistance.
2024-02-27 14:11:14.3243 | Info | New account created for 2.28.
2024-02-27 14:11:14.3243 | Info | New account created for 22/03/2014.
2024-02-27 14:11:14.3243 | Info | New account created for Rob S.
2024-02-27 14:11:14.3243 | Info | New account created for Tim L.
2024-02-27 14:11:14.3243 | Info | New account created for Misc Morale.
2024-02-27 14:11:14.3243 | Info | New account created for 1.95.
2024-02-27 14:11:14.3243 | Info | New account created for 23/03/2014.
2024-02-27 14:11:14.3243 | Info | New account created for Jon A.
2024-02-27 14:11:14.3243 | Info | New account created for Sam N.
2024-02-27 14:11:14.3243 | Info | New account created for Lunch.
2024-02-27 14:11:14.3243 | Info | New account created for 8.49.
2024-02-27 14:11:14.3243 | Info | New account created for 27/03/2014.
2024-02-27 14:11:14.3243 | Info | New account created for Ben B.
2024-02-27 14:11:14.3243 | Info | New account created for Sam N.
2024-02-27 14:11:14.3243 | Info | New account created for Misc Morale.
2024-02-27 14:11:14.3243 | Info | New account created for 10.76.
2024-02-27 14:11:14.3243 | Info | New account created for 29/03/2014.
2024-02-27 14:11:14.3243 | Info | New account created for Todd.
2024-02-27 14:11:14.3243 | Info | New account created for Sarah T.
2024-02-27 14:11:14.3243 | Info | New account created for Git-Fu Rendered.
2024-02-27 14:11:14.3243 | Info | New account created for 5.01.
2024-02-27 14:11:14.3243 | Info | New account created for 30/03/2014.
2024-02-27 14:11:14.3243 | Info | New account created for Dan W.
2024-02-27 14:11:14.3243 | Info | New account created for Laura B.
2024-02-27 14:11:14.3243 | Info | New account created for Lunch.
2024-02-27 14:11:14.3243 | Info | New account created for 4.77.
2024-02-27 14:11:14.3243 | Info | New account created for 01/04/2014.
2024-02-27 14:11:14.3243 | Info | New account created for Sam N.
2024-02-27 14:11:14.3243 | Info | New account created for Laura B.
2024-02-27 14:11:14.3243 | Info | New account created for Lunch.
2024-02-27 14:11:14.3243 | Info | New account created for 2.87.
2024-02-27 14:11:14.3243 | Info | New account created for 04/04/2014.
2024-02-27 14:11:14.3243 | Info | New account created for Todd.
2024-02-27 14:11:14.3243 | Info | New account created for Ben B.
2024-02-27 14:11:14.3243 | Info | New account created for Rails Consultancy.
2024-02-27 14:11:14.3243 | Info | New account created for 10.85.
2024-02-27 14:11:14.3243 | Info | New account created for 06/04/2014.
2024-02-27 14:11:14.3243 | Info | New account created for Jon A.
2024-02-27 14:11:14.3243 | Info | New account created for Stephen S.
2024-02-27 14:11:14.3243 | Info | New account created for Beers.
2024-02-27 14:11:14.3243 | Info | New account created for 8.91.
2024-02-27 14:11:14.3243 | Info | New account created for 08/04/2014.
2024-02-27 14:11:14.3243 | Info | New account created for Stephen S.
2024-02-27 14:11:14.3243 | Info | New account created for Sam N.
2024-02-27 14:11:14.3243 | Info | New account created for Lego Assistance.
2024-02-27 14:11:14.3243 | Info | New account created for 2.96.
2024-02-27 14:11:14.3243 | Info | New account created for 09/04/2014.
2024-02-27 14:11:14.3243 | Info | New account created for Ben B.
2024-02-27 14:11:14.3243 | Info | New account created for Rob S.
2024-02-27 14:11:14.3243 | Info | New account created for Coffee.
2024-02-27 14:11:14.3243 | Info | New account created for 1.31.
2024-02-27 14:11:14.3243 | Info | New account created for 10/04/2014.
2024-02-27 14:11:14.3243 | Info | New account created for Todd.
2024-02-27 14:11:14.3243 | Info | New account created for Sarah T.
2024-02-27 14:11:14.3243 | Info | New account created for Snooker Night.
2024-02-27 14:11:14.3243 | Info | New account created for 3.55.
2024-02-27 14:11:14.3243 | Info | New account created for 11/04/2014.
2024-02-27 14:11:14.3401 | Info | New account created for Todd.
2024-02-27 14:11:14.3401 | Info | New account created for Laura B.
2024-02-27 14:11:14.3401 | Info | New account created for Coffee.
2024-02-27 14:11:14.3401 | Info | New account created for 3.72.
2024-02-27 14:11:14.3401 | Info | New account created for 15/04/2014.
2024-02-27 14:11:14.3401 | Info | New account created for Rob S.
2024-02-27 14:11:14.3401 | Info | New account created for Sam N.
2024-02-27 14:11:14.3401 | Info | New account created for Snooker Night.
2024-02-27 14:11:14.3401 | Info | New account created for 8.86.
2024-02-27 14:11:14.3401 | Info | New account created for 19/04/2014.
2024-02-27 14:11:14.3401 | Info | New account created for Ben B.
2024-02-27 14:11:14.3401 | Info | New account created for Gergana I.
2024-02-27 14:11:14.3401 | Info | New account created for Lunch.
2024-02-27 14:11:14.3401 | Info | New account created for 7.61.
2024-02-27 14:11:14.3401 | Info | New account created for 20/04/2014.
2024-02-27 14:11:14.3401 | Info | New account created for Dan W.
2024-02-27 14:11:14.3401 | Info | New account created for Gergana I.
2024-02-27 14:11:14.3401 | Info | New account created for Beers.
2024-02-27 14:11:14.3401 | Info | New account created for 11.92.
2024-02-27 14:11:14.3401 | Info | New account created for 23/04/2014.
2024-02-27 14:11:14.3401 | Info | New account created for Stephen S.
2024-02-27 14:11:14.3401 | Info | New account created for Rob S.
2024-02-27 14:11:14.3401 | Info | New account created for Poker Winnings.
2024-02-27 14:11:14.3401 | Info | New account created for 3.41.
2024-02-27 14:11:14.3401 | Info | New account created for 24/04/2014.
2024-02-27 14:11:14.3401 | Info | New account created for Tim L.
2024-02-27 14:11:14.3401 | Info | New account created for Dan W.
2024-02-27 14:11:14.3401 | Info | New account created for Misc Morale.
2024-02-27 14:11:14.3401 | Info | New account created for 6.38.
2024-02-27 14:11:14.3401 | Info | New account created for 26/04/2014.
2024-02-27 14:11:14.3401 | Info | New account created for Todd.
2024-02-27 14:11:14.3401 | Info | New account created for Tim L.
2024-02-27 14:11:14.3401 | Info | New account created for Lunch.
2024-02-27 14:11:14.3401 | Info | New account created for 1.46.
2024-02-27 14:11:14.3401 | Info | New account created for 30/04/2014.
2024-02-27 14:11:14.3401 | Info | New account created for Laura B.
2024-02-27 14:11:14.3401 | Info | New account created for Ben B.
2024-02-27 14:11:14.3401 | Info | New account created for Golf Bets.
2024-02-27 14:11:14.3401 | Info | New account created for 5.77.
2024-02-27 14:11:14.3401 | Info | New account created for 03/05/2014.
2024-02-27 14:11:14.3401 | Info | New account created for Jon A.
2024-02-27 14:11:14.3401 | Info | New account created for Gergana I.
2024-02-27 14:11:14.3401 | Info | New account created for Rails Consultancy.
2024-02-27 14:11:14.3401 | Info | New account created for 10.51.
2024-02-27 14:11:14.3401 | Info | New account created for 05/05/2014.
2024-02-27 14:11:14.3401 | Info | New account created for Dan W.
2024-02-27 14:11:14.3401 | Info | New account created for Sarah T.
2024-02-27 14:11:14.3401 | Info | New account created for Stationary Items.
2024-02-27 14:11:14.3401 | Info | New account created for 5.06.
2024-02-27 14:11:14.3401 | Info | New account created for 06/05/2014.
2024-02-27 14:11:14.3401 | Info | New account created for Tim L.
2024-02-27 14:11:14.3551 | Info | New account created for Chris W.
2024-02-27 14:11:14.3551 | Info | New account created for Audit and Other Financial Services.
2024-02-27 14:11:14.3551 | Info | New account created for 7.45.
2024-02-27 14:11:14.3551 | Info | New account created for 10/05/2014.
2024-02-27 14:11:14.3551 | Info | New account created for Laura B.
2024-02-27 14:11:14.3551 | Info | New account created for Todd.
2024-02-27 14:11:14.3551 | Info | New account created for Lego Assistance.
2024-02-27 14:11:14.3551 | Info | New account created for 10.63.
2024-02-27 14:11:14.3551 | Info | New account created for 13/05/2014.
2024-02-27 14:11:14.3551 | Info | New account created for Tim L.
2024-02-27 14:11:14.3551 | Info | New account created for Ben B.
2024-02-27 14:11:14.3551 | Info | New account created for Coffee.
2024-02-27 14:11:14.3551 | Info | New account created for 5.89.
2024-02-27 14:11:14.3551 | Info | New account created for 17/05/2014.
2024-02-27 14:11:14.3551 | Info | New account created for Rob S.
2024-02-27 14:11:14.3551 | Info | New account created for Sarah T.
2024-02-27 14:11:14.3551 | Info | New account created for Misc Morale.
2024-02-27 14:11:14.3551 | Info | New account created for 3.61.
2024-02-27 14:11:14.3551 | Info | New account created for 19/05/2014.
2024-02-27 14:11:14.3551 | Info | New account created for Jon A.
2024-02-27 14:11:14.3551 | Info | New account created for Todd.
2024-02-27 14:11:14.3551 | Info | New account created for Beers.
2024-02-27 14:11:14.3551 | Info | New account created for 9.04.
2024-02-27 14:11:14.3551 | Info | New account created for 22/05/2014.
2024-02-27 14:11:14.3551 | Info | New account created for Tim L.
2024-02-27 14:11:14.3551 | Info | New account created for Todd.
2024-02-27 14:11:14.3551 | Info | New account created for Coffee.
2024-02-27 14:11:14.3551 | Info | New account created for 3.81.
2024-02-27 14:11:14.3551 | Info | New account created for 24/05/2014.
2024-02-27 14:11:14.3551 | Info | New account created for Sam N.
2024-02-27 14:11:14.3551 | Info | New account created for Tim L.
2024-02-27 14:11:14.3551 | Info | New account created for Sandcastle Help.
2024-02-27 14:11:14.3551 | Info | New account created for 8.8.
2024-02-27 14:11:14.3551 | Info | New account created for 26/05/2014.
2024-02-27 14:11:14.3551 | Info | New account created for Ben B.
2024-02-27 14:11:14.3551 | Info | New account created for Laura B.
2024-02-27 14:11:14.3551 | Info | New account created for Lunch.
2024-02-27 14:11:14.3551 | Info | New account created for 7.36.
2024-02-27 14:11:14.3551 | Info | New account created for 30/05/2014.
2024-02-27 14:11:14.3551 | Info | New account created for Laura B.
2024-02-27 14:11:14.3551 | Info | New account created for Todd.
2024-02-27 14:11:14.3551 | Info | New account created for Lunch.
2024-02-27 14:11:14.3551 | Info | New account created for 7.01.
2024-02-27 14:11:14.3551 | Info | New account created for 31/05/2014.
2024-02-27 14:11:14.3551 | Info | New account created for Tim L.
2024-02-27 14:11:14.3551 | Info | New account created for Ben B.
2024-02-27 14:11:14.3551 | Info | New account created for Coffee.
2024-02-27 14:11:14.3551 | Info | New account created for 8.23.
2024-02-27 14:11:14.3551 | Info | New account created for 01/06/2014.
2024-02-27 14:11:14.3551 | Info | New account created for Tim L.
2024-02-27 14:11:14.3551 | Info | New account created for Stephen S.
2024-02-27 14:11:14.3551 | Info | New account created for Rails Consultancy.
2024-02-27 14:11:14.3551 | Info | New account created for 5.2.
2024-02-27 14:11:14.3551 | Info | New account created for 05/06/2014.
2024-02-27 14:11:14.3551 | Info | New account created for Dan W.
2024-02-27 14:11:14.3551 | Info | New account created for Gergana I.
2024-02-27 14:11:14.3551 | Info | New account created for Spline Reticulation.
2024-02-27 14:11:14.3551 | Info | New account created for 5.61.
2024-02-27 14:11:14.3551 | Info | New account created for 09/06/2014.
2024-02-27 14:11:14.3551 | Info | New account created for Sarah T.
2024-02-27 14:11:14.3551 | Info | New account created for Stephen S.
2024-02-27 14:11:14.3551 | Info | New account created for Lego Assistance.
2024-02-27 14:11:14.3551 | Info | New account created for 11.5.
2024-02-27 14:11:14.3551 | Info | New account created for 11/06/2014.
2024-02-27 14:11:14.3551 | Info | New account created for Stephen S.
2024-02-27 14:11:14.3551 | Info | New account created for Sam N.
2024-02-27 14:11:14.3551 | Info | New account created for Lego Assistance.
2024-02-27 14:11:14.3551 | Info | New account created for 5.14.
2024-02-27 14:11:14.3551 | Info | New account created for 14/06/2014.
2024-02-27 14:11:14.3711 | Info | New account created for Todd.
2024-02-27 14:11:14.3711 | Info | New account created for Sam N.
2024-02-27 14:11:14.3711 | Info | New account created for Lego Assistance.
2024-02-27 14:11:14.3711 | Info | New account created for 6.3.
2024-02-27 14:11:14.3711 | Info | New account created for 16/06/2014.
2024-02-27 14:11:14.3711 | Info | New account created for Stephen S.
2024-02-27 14:11:14.3711 | Info | New account created for Dan W.
2024-02-27 14:11:14.3711 | Info | New account created for Lunch.
2024-02-27 14:11:14.3711 | Info | New account created for 4.79.
2024-02-27 14:11:14.3711 | Info | New account created for 20/06/2014.
2024-02-27 14:11:14.3711 | Info | New account created for Ben B.
2024-02-27 14:11:14.3711 | Info | New account created for Chris W.
2024-02-27 14:11:14.3711 | Info | New account created for Rails Consultancy.
2024-02-27 14:11:14.3711 | Info | New account created for 1.34.
2024-02-27 14:11:14.3711 | Info | New account created for 22/06/2014.
2024-02-27 14:11:14.3711 | Info | New account created for Tim L.
2024-02-27 14:11:14.3711 | Info | New account created for Stephen S.
2024-02-27 14:11:14.3711 | Info | New account created for Coffee.
2024-02-27 14:11:14.3711 | Info | New account created for 6.44.
2024-02-27 14:11:14.3711 | Info | New account created for 23/06/2014.
2024-02-27 14:11:14.3711 | Info | New account created for Stephen S.
2024-02-27 14:11:14.3711 | Info | New account created for Ben B.
2024-02-27 14:11:14.3711 | Info | New account created for Spline Reticulation.
2024-02-27 14:11:14.3711 | Info | New account created for 11.85.
2024-02-27 14:11:14.3711 | Info | New account created for 26/06/2014.
2024-02-27 14:11:14.3711 | Info | New account created for Chris W.
2024-02-27 14:11:14.3711 | Info | New account created for Todd.
2024-02-27 14:11:14.3711 | Info | New account created for Beers.
2024-02-27 14:11:14.3711 | Info | New account created for 9.81.
2024-02-27 14:11:14.3711 | Info | New account created for 28/06/2014.
2024-02-27 14:11:14.3711 | Info | New account created for Sarah T.
2024-02-27 14:11:14.3711 | Info | New account created for Gergana I.
2024-02-27 14:11:14.3711 | Info | New account created for Beers.
2024-02-27 14:11:14.3711 | Info | New account created for 4.03.
2024-02-27 14:11:14.3711 | Info | New account created for 29/06/2014.
2024-02-27 14:11:14.3711 | Info | New account created for Chris W.
2024-02-27 14:11:14.3711 | Info | New account created for Laura B.
2024-02-27 14:11:14.3711 | Info | New account created for Jenkins Fees.
2024-02-27 14:11:14.3711 | Info | New account created for 8.7.
2024-02-27 14:11:14.3711 | Info | New account created for 01/07/2014.
2024-02-27 14:11:14.3711 | Info | New account created for Rob S.
2024-02-27 14:11:14.3711 | Info | New account created for Jon A.
2024-02-27 14:11:14.3711 | Info | New account created for Lunch.
2024-02-27 14:11:14.3711 | Info | New account created for 2.67.
2024-02-27 14:11:14.3711 | Info | New account created for 02/07/2014.
2024-02-27 14:11:14.3711 | Info | New account created for Stephen S.
2024-02-27 14:11:14.3711 | Info | New account created for Dan W.
2024-02-27 14:11:14.3711 | Info | New account created for Lego Assistance.
2024-02-27 14:11:14.3711 | Info | New account created for 2.9.
2024-02-27 14:11:14.3711 | Info | New account created for 06/07/2014.
2024-02-27 14:11:14.3711 | Info | New account created for Sam N.
2024-02-27 14:11:14.3711 | Info | New account created for Jon A.
2024-02-27 14:11:14.3711 | Info | New account created for Beers.
2024-02-27 14:11:14.3711 | Info | New account created for 4.37.
2024-02-27 14:11:14.3711 | Info | New account created for 09/07/2014.
2024-02-27 14:11:14.3711 | Info | New account created for Dan W.
2024-02-27 14:11:14.3711 | Info | New account created for Tim L.
2024-02-27 14:11:14.3711 | Info | New account created for Misc Morale.
2024-02-27 14:11:14.3711 | Info | New account created for 5.45.
2024-02-27 14:11:14.3711 | Info | New account created for 11/07/2014.
2024-02-27 14:11:14.3711 | Info | New account created for Dan W.
2024-02-27 14:11:14.3711 | Info | New account created for Sarah T.
2024-02-27 14:11:14.3711 | Info | New account created for Misc Morale.
2024-02-27 14:11:14.3711 | Info | New account created for 5.05.
2024-02-27 14:11:14.3711 | Info | New account created for 14/07/2014.
2024-02-27 14:11:14.3711 | Info | New account created for Gergana I.
2024-02-27 14:11:14.3711 | Info | New account created for Sam N.
2024-02-27 14:11:14.3711 | Info | New account created for Coffee.
2024-02-27 14:11:14.3711 | Info | New account created for 10.92.
2024-02-27 14:11:14.3711 | Info | New account created for 16/07/2014.
2024-02-27 14:11:14.3711 | Info | New account created for Jon A.
2024-02-27 14:11:14.3711 | Info | New account created for Dan W.
2024-02-27 14:11:14.3711 | Info | New account created for Coffee.
2024-02-27 14:11:14.3711 | Info | New account created for 11.75.
2024-02-27 14:11:14.3711 | Info | New account created for 18/07/2014.
2024-02-27 14:11:14.3711 | Info | New account created for Gergana I.
2024-02-27 14:11:14.3711 | Info | New account created for Stephen S.
2024-02-27 14:11:14.3711 | Info | New account created for Snooker Night.
2024-02-27 14:11:14.3870 | Info | New account created for 11.57.
2024-02-27 14:11:14.3870 | Info | New account created for 22/07/2014.
2024-02-27 14:11:14.3870 | Info | New account created for Sarah T.
2024-02-27 14:11:14.3870 | Info | New account created for Ben B.
2024-02-27 14:11:14.3870 | Info | New account created for Coffee.
2024-02-27 14:11:14.3870 | Info | New account created for 11.56.
2024-02-27 14:11:14.3870 | Info | New account created for 23/07/2014.
2024-02-27 14:11:14.3870 | Info | New account created for Rob S.
2024-02-27 14:11:14.3870 | Info | New account created for Tim L.
2024-02-27 14:11:14.3870 | Info | New account created for Lego Assistance.
2024-02-27 14:11:14.3870 | Info | New account created for 11.47.
2024-02-27 14:11:14.3870 | Info | New account created for 25/07/2014.
2024-02-27 14:11:14.3870 | Info | New account created for Laura B.
2024-02-27 14:11:14.3870 | Info | New account created for Stephen S.
2024-02-27 14:11:14.3870 | Info | New account created for Poker Winnings.
2024-02-27 14:11:14.3870 | Info | New account created for 9.42.
2024-02-27 14:11:14.3870 | Info | New account created for 28/07/2014.
2024-02-27 14:11:14.3870 | Info | New account created for Gergana I.
2024-02-27 14:11:14.3870 | Info | New account created for Chris W.
2024-02-27 14:11:14.3870 | Info | New account created for Pokemon Training.
2024-02-27 14:11:14.3870 | Info | New account created for 2.33.
2024-02-27 14:11:14.3870 | Info | New account created for 29/07/2014.
2024-02-27 14:11:14.3870 | Info | New account created for Jon A.
2024-02-27 14:11:14.3870 | Info | New account created for Sam N.
2024-02-27 14:11:14.3870 | Info | New account created for Lunch.
2024-02-27 14:11:14.3870 | Info | New account created for 5.31.
2024-02-27 14:11:14.3870 | Info | New account created for 01/08/2014.
2024-02-27 14:11:14.3870 | Info | New account created for Sam N.
2024-02-27 14:11:14.3870 | Info | New account created for Gergana I.
2024-02-27 14:11:14.3870 | Info | New account created for Coffee.
2024-02-27 14:11:14.3870 | Info | New account created for 2.72.
2024-02-27 14:11:14.3870 | Info | New account created for 03/08/2014.
2024-02-27 14:11:14.3870 | Info | New account created for Laura B.
2024-02-27 14:11:14.3870 | Info | New account created for Rob S.
2024-02-27 14:11:14.3870 | Info | New account created for Rails Consultancy.
2024-02-27 14:11:14.3870 | Info | New account created for 6.26.
2024-02-27 14:11:14.3870 | Info | New account created for 04/08/2014.
2024-02-27 14:11:14.3870 | Info | New account created for Gergana I.
2024-02-27 14:11:14.3870 | Info | New account created for Ben B.
2024-02-27 14:11:14.3870 | Info | New account created for Coffee.
2024-02-27 14:11:14.3870 | Info | New account created for 7.81.
2024-02-27 14:11:14.3870 | Info | New account created for 08/08/2014.
2024-02-27 14:11:14.3870 | Info | New account created for Tim L.
2024-02-27 14:11:14.3870 | Info | New account created for Laura B.
2024-02-27 14:11:14.3870 | Info | New account created for Coffee.
2024-02-27 14:11:14.3870 | Info | New account created for 3.76.
2024-02-27 14:11:14.3870 | Info | New account created for 11/08/2014.
2024-02-27 14:11:14.3870 | Info | New account created for Stephen S.
2024-02-27 14:11:14.3870 | Info | New account created for Rob S.
2024-02-27 14:11:14.3870 | Info | New account created for Lunch.
2024-02-27 14:11:14.3870 | Info | New account created for 8.91.
2024-02-27 14:11:14.3870 | Info | New account created for 13/08/2014.
2024-02-27 14:11:14.3870 | Info | New account created for Sarah T.
2024-02-27 14:11:14.3870 | Info | New account created for Todd.
2024-02-27 14:11:14.3870 | Info | New account created for Beers.
2024-02-27 14:11:14.3870 | Info | New account created for 8.25.
2024-02-27 14:11:14.3870 | Info | New account created for 14/08/2014.
2024-02-27 14:11:14.3870 | Info | New account created for Chris W.
2024-02-27 14:11:14.3870 | Info | New account created for Tim L.
2024-02-27 14:11:14.3870 | Info | New account created for Misc Morale.
2024-02-27 14:11:14.3870 | Info | New account created for 6.59.
2024-02-27 14:11:14.3870 | Info | New account created for 18/08/2014.
2024-02-27 14:11:14.3870 | Info | New account created for Jon A.
2024-02-27 14:11:14.3870 | Info | New account created for Tim L.
2024-02-27 14:11:14.3870 | Info | New account created for Lego Assistance.
2024-02-27 14:11:14.4019 | Info | New account created for 7.22.
2024-02-27 14:11:14.4019 | Info | New account created for 21/08/2014.
2024-02-27 14:11:14.4019 | Info | New account created for Ben B.
2024-02-27 14:11:14.4019 | Info | New account created for Gergana I.
2024-02-27 14:11:14.4019 | Info | New account created for Rails Consultancy.
2024-02-27 14:11:14.4019 | Info | New account created for 9.25.
2024-02-27 14:11:14.4019 | Info | New account created for 22/08/2014.
2024-02-27 14:11:14.4019 | Info | New account created for Chris W.
2024-02-27 14:11:14.4019 | Info | New account created for Sam N.
2024-02-27 14:11:14.4019 | Info | New account created for Golf Bets.
2024-02-27 14:11:14.4019 | Info | New account created for 1.9.
2024-02-27 14:11:14.4019 | Info | New account created for 23/08/2014.
2024-02-27 14:11:14.4019 | Info | New account created for Ben B.
2024-02-27 14:11:14.4019 | Info | New account created for Stephen S.
2024-02-27 14:11:14.4019 | Info | New account created for Lunch.
2024-02-27 14:11:14.4019 | Info | New account created for 5.02.
2024-02-27 14:11:14.4019 | Info | New account created for 24/08/2014.
2024-02-27 14:11:14.4019 | Info | New account created for Laura B.
2024-02-27 14:11:14.4019 | Info | New account created for Stephen S.
2024-02-27 14:11:14.4019 | Info | New account created for Audit and Other Financial Services.
2024-02-27 14:11:14.4019 | Info | New account created for 7.45.
2024-02-27 14:11:14.4019 | Info | New account created for 25/08/2014.
2024-02-27 14:11:14.4019 | Info | New account created for Gergana I.
2024-02-27 14:11:14.4019 | Info | New account created for Stephen S.
2024-02-27 14:11:14.4019 | Info | New account created for Beers.
2024-02-27 14:11:14.4019 | Info | New account created for 8.57.
2024-02-27 14:11:14.4019 | Info | New account created for 28/08/2014.
2024-02-27 14:11:14.4019 | Info | New account created for Laura B.
2024-02-27 14:11:14.4019 | Info | New account created for Tim L.
2024-02-27 14:11:14.4019 | Info | New account created for Beers.
2024-02-27 14:11:14.4019 | Info | New account created for 0.57.
2024-02-27 14:11:14.4019 | Info | New account created for 29/08/2014.
2024-02-27 14:11:14.4019 | Info | New account created for Ben B.
2024-02-27 14:11:14.4019 | Info | New account created for Chris W.
2024-02-27 14:11:14.4019 | Info | New account created for Lunch.
2024-02-27 14:11:14.4019 | Info | New account created for 1.66.
2024-02-27 14:11:14.4019 | Info | New account created for 01/09/2014.
2024-02-27 14:11:14.4019 | Info | New account created for Sam N.
2024-02-27 14:11:14.4019 | Info | New account created for Gergana I.
2024-02-27 14:11:14.4019 | Info | New account created for Pokemon Training.
2024-02-27 14:11:14.4019 | Info | New account created for 9.41.
2024-02-27 14:11:14.4019 | Info | New account created for 03/09/2014.
2024-02-27 14:11:14.4019 | Info | New account created for Jon A.
2024-02-27 14:11:14.4019 | Info | New account created for Tim L.
2024-02-27 14:11:14.4019 | Info | New account created for Lunch.
2024-02-27 14:11:14.4019 | Info | New account created for 8.13.
2024-02-27 14:11:14.4019 | Info | New account created for 06/09/2014.
2024-02-27 14:11:14.4019 | Info | New account created for Dan W.
2024-02-27 14:11:14.4019 | Info | New account created for Todd.
2024-02-27 14:11:14.4019 | Info | New account created for Lunch.
2024-02-27 14:11:14.4019 | Info | New account created for 1.8.
2024-02-27 14:11:14.4019 | Info | New account created for 09/09/2014.
2024-02-27 14:11:14.4019 | Info | New account created for Todd.
2024-02-27 14:11:14.4019 | Info | New account created for Dan W.
2024-02-27 14:11:14.4019 | Info | New account created for Audit and Other Financial Services.
2024-02-27 14:11:14.4019 | Info | New account created for 3.93.
2024-02-27 14:11:14.4019 | Info | New account created for 12/09/2014.
2024-02-27 14:11:14.4019 | Info | New account created for Laura B.
2024-02-27 14:11:14.4019 | Info | New account created for Jon A.
2024-02-27 14:11:14.4019 | Info | New account created for Git-Fu Rendered.
2024-02-27 14:11:14.4019 | Info | New account created for 3.11.
2024-02-27 14:11:14.4019 | Info | New account created for 16/09/2014.
2024-02-27 14:11:14.4019 | Info | New account created for Gergana I.
2024-02-27 14:11:14.4019 | Info | New account created for Rob S.
2024-02-27 14:11:14.4019 | Info | New account created for Golf Bets.
2024-02-27 14:11:14.4019 | Info | New account created for 1.28.
2024-02-27 14:11:14.4019 | Info | New account created for 20/09/2014.
2024-02-27 14:11:14.4019 | Info | New account created for Jon A.
2024-02-27 14:11:14.4019 | Info | New account created for Ben B.
2024-02-27 14:11:14.4019 | Info | New account created for Beers.
2024-02-27 14:11:14.4019 | Info | New account created for 3.71.
2024-02-27 14:11:14.4019 | Info | New account created for 24/09/2014.
2024-02-27 14:11:14.4019 | Info | New account created for Jon A.
2024-02-27 14:11:14.4019 | Info | New account created for Laura B.
2024-02-27 14:11:14.4019 | Info | New account created for Golf Bets.
2024-02-27 14:11:14.4019 | Info | New account created for 5.61.
2024-02-27 14:11:14.4019 | Info | New account created for 27/09/2014.
2024-02-27 14:11:14.4019 | Info | New account created for Sarah T.
2024-02-27 14:11:14.4019 | Info | New account created for Dan W.
2024-02-27 14:11:14.4019 | Info | New account created for Beers.
2024-02-27 14:11:14.4019 | Info | New account created for 11.6.
2024-02-27 14:11:14.4019 | Info | New account created for 29/09/2014.
2024-02-27 14:11:14.4019 | Info | New account created for Ben B.
2024-02-27 14:11:14.4180 | Info | New account created for Tim L.
2024-02-27 14:11:14.4180 | Info | New account created for Misc Morale.
2024-02-27 14:11:14.4180 | Info | New account created for 3.43.
2024-02-27 14:11:14.4180 | Info | New account created for 30/09/2014.
2024-02-27 14:11:14.4180 | Info | New account created for Jon A.
2024-02-27 14:11:14.4180 | Info | New account created for Dan W.
2024-02-27 14:11:14.4180 | Info | New account created for Sandbox Help.
2024-02-27 14:11:14.4180 | Info | New account created for 9.26.
2024-02-27 14:11:14.4180 | Info | New account created for 04/10/2014.
2024-02-27 14:11:14.4180 | Info | New account created for Ben B.
2024-02-27 14:11:14.4180 | Info | New account created for Todd.
2024-02-27 14:11:14.4180 | Info | New account created for Lunch.
2024-02-27 14:11:14.4180 | Info | New account created for 11.28.
2024-02-27 14:11:14.4180 | Info | New account created for 06/10/2014.
2024-02-27 14:11:14.4180 | Info | New account created for Sarah T.
2024-02-27 14:11:14.4180 | Info | New account created for Tim L.
2024-02-27 14:11:14.4180 | Info | New account created for Spline Reticulation.
2024-02-27 14:11:14.4180 | Info | New account created for 7.44.
2024-02-27 14:11:14.4180 | Info | New account created for 10/10/2014.
2024-02-27 14:11:14.4180 | Info | New account created for Ben B.
2024-02-27 14:11:14.4180 | Info | New account created for Gergana I.
2024-02-27 14:11:14.4180 | Info | New account created for Beers.
2024-02-27 14:11:14.4180 | Info | New account created for 3.98.
2024-02-27 14:11:14.4180 | Info | New account created for 14/10/2014.
2024-02-27 14:11:14.4180 | Info | New account created for Ben B.
2024-02-27 14:11:14.4180 | Info | New account created for Gergana I.
2024-02-27 14:11:14.4180 | Info | New account created for Coffee.
2024-02-27 14:11:14.4180 | Info | New account created for 11.65.
2024-02-27 14:11:14.4180 | Info | New account created for 18/10/2014.
2024-02-27 14:11:14.4180 | Info | New account created for Gergana I.
2024-02-27 14:11:14.4180 | Info | New account created for Rob S.
2024-02-27 14:11:14.4180 | Info | New account created for Jenkins Fees.
2024-02-27 14:11:14.4180 | Info | New account created for 5.47.
2024-02-27 14:11:14.4180 | Info | New account created for 19/10/2014.
2024-02-27 14:11:14.4180 | Info | New account created for Dan W.
2024-02-27 14:11:14.4180 | Info | New account created for Sam N.
2024-02-27 14:11:14.4180 | Info | New account created for Automated Testing Services.
2024-02-27 14:11:14.4180 | Info | New account created for 8.
2024-02-27 14:11:14.4180 | Info | New account created for 22/10/2014.
2024-02-27 14:11:14.4180 | Info | New account created for Dan W.
2024-02-27 14:11:14.4180 | Info | New account created for Sam N.
2024-02-27 14:11:14.4180 | Info | New account created for Beers.
2024-02-27 14:11:14.4180 | Info | New account created for 0.55.
2024-02-27 14:11:14.4180 | Info | New account created for 23/10/2014.
2024-02-27 14:11:14.4180 | Info | New account created for Jon A.
2024-02-27 14:11:14.4180 | Info | New account created for Dan W.
2024-02-27 14:11:14.4180 | Info | New account created for Lunch.
2024-02-27 14:11:14.4180 | Info | New account created for 2.37.
2024-02-27 14:11:14.4180 | Info | New account created for 25/10/2014.
2024-02-27 14:11:14.4180 | Info | New account created for Laura B.
2024-02-27 14:11:14.4180 | Info | New account created for Todd.
2024-02-27 14:11:14.4180 | Info | New account created for Beers.
2024-02-27 14:11:14.4180 | Info | New account created for 8.42.
2024-02-27 14:11:14.4180 | Info | New account created for 28/10/2014.
2024-02-27 14:11:14.4180 | Info | New account created for Gergana I.
2024-02-27 14:11:14.4180 | Info | New account created for Dan W.
2024-02-27 14:11:14.4180 | Info | New account created for Misc Morale.
2024-02-27 14:11:14.4180 | Info | New account created for 5.04.
2024-02-27 14:11:14.4180 | Info | New account created for 29/10/2014.
2024-02-27 14:11:14.4180 | Info | New account created for Dan W.
2024-02-27 14:11:14.4180 | Info | New account created for Ben B.
2024-02-27 14:11:14.4180 | Info | New account created for Rails Consultancy.
2024-02-27 14:11:14.4180 | Info | New account created for 5.87.
2024-02-27 14:11:14.4180 | Info | New account created for 30/10/2014.
2024-02-27 14:11:14.4180 | Info | New account created for Chris W.
2024-02-27 14:11:14.4180 | Info | New account created for Gergana I.
2024-02-27 14:11:14.4180 | Info | New account created for Jenkins Fees.
2024-02-27 14:11:14.4180 | Info | New account created for 8.9.
2024-02-27 14:11:14.4180 | Info | New account created for 02/11/2014.
2024-02-27 14:11:14.4180 | Info | New account created for Sarah T.
2024-02-27 14:11:14.4180 | Info | New account created for Tim L.
2024-02-27 14:11:14.4180 | Info | New account created for Lego Assistance.
2024-02-27 14:11:14.4180 | Info | New account created for 4.67.
2024-02-27 14:11:14.4340 | Info | New account created for 04/11/2014.
2024-02-27 14:11:14.4340 | Info | New account created for Chris W.
2024-02-27 14:11:14.4340 | Info | New account created for Rob S.
2024-02-27 14:11:14.4340 | Info | New account created for Sandbox Help.
2024-02-27 14:11:14.4340 | Info | New account created for 6.15.
2024-02-27 14:11:14.4340 | Info | New account created for 07/11/2014.
2024-02-27 14:11:14.4340 | Info | New account created for Rob S.
2024-02-27 14:11:14.4340 | Info | New account created for Ben B.
2024-02-27 14:11:14.4340 | Info | New account created for Rails Consultancy.
2024-02-27 14:11:14.4340 | Info | New account created for 3.
2024-02-27 14:11:14.4340 | Info | New account created for 09/11/2014.
2024-02-27 14:11:14.4340 | Info | New account created for Sam N.
2024-02-27 14:11:14.4340 | Info | New account created for Laura B.
2024-02-27 14:11:14.4340 | Info | New account created for Beers.
2024-02-27 14:11:14.4340 | Info | New account created for 7.76.
2024-02-27 14:11:14.4340 | Info | New account created for 11/11/2014.
2024-02-27 14:11:14.4340 | Info | New account created for Jon A.
2024-02-27 14:11:14.4340 | Info | New account created for Ben B.
2024-02-27 14:11:14.4340 | Info | New account created for Stationary Items.
2024-02-27 14:11:14.4340 | Info | New account created for 0.73.
2024-02-27 14:11:14.4340 | Info | New account created for 14/11/2014.
2024-02-27 14:11:14.4340 | Info | New account created for Sam N.
2024-02-27 14:11:14.4340 | Info | New account created for Dan W.
2024-02-27 14:11:14.4340 | Info | New account created for Spline Reticulation.
2024-02-27 14:11:14.4340 | Info | New account created for 0.8.
2024-02-27 14:11:14.4340 | Info | New account created for 18/11/2014.
2024-02-27 14:11:14.4340 | Info | New account created for Sam N.
2024-02-27 14:11:14.4340 | Info | New account created for Chris W.
2024-02-27 14:11:14.4340 | Info | New account created for Golf Bets.
2024-02-27 14:11:14.4340 | Info | New account created for 6.44.
2024-02-27 14:11:14.4340 | Info | New account created for 19/11/2014.
2024-02-27 14:11:14.4340 | Info | New account created for Laura B.
2024-02-27 14:11:14.4340 | Info | New account created for Jon A.
2024-02-27 14:11:14.4340 | Info | New account created for Coffee.
2024-02-27 14:11:14.4340 | Info | New account created for 2.61.
2024-02-27 14:11:14.4340 | Info | New account created for 21/11/2014.
2024-02-27 14:11:14.4340 | Info | New account created for Chris W.
2024-02-27 14:11:14.4340 | Info | New account created for Todd.
2024-02-27 14:11:14.4340 | Info | New account created for Lego Assistance.
2024-02-27 14:11:14.4340 | Info | New account created for 1.42.
2024-02-27 14:11:14.4340 | Info | New account created for 23/11/2014.
2024-02-27 14:11:14.4340 | Info | New account created for Todd.
2024-02-27 14:11:14.4340 | Info | New account created for Sarah T.
2024-02-27 14:11:14.4340 | Info | New account created for Beers.
2024-02-27 14:11:14.4340 | Info | New account created for 2.24.
2024-02-27 14:11:14.4340 | Info | New account created for 25/11/2014.
2024-02-27 14:11:14.4340 | Info | New account created for Chris W.
2024-02-27 14:11:14.4340 | Info | New account created for Rob S.
2024-02-27 14:11:14.4340 | Info | New account created for Pokemon Training.
2024-02-27 14:11:14.4340 | Info | New account created for 5.76.
2024-02-27 14:11:14.4340 | Info | New account created for 28/11/2014.
2024-02-27 14:11:14.4340 | Info | New account created for Tim L.
2024-02-27 14:11:14.4340 | Info | New account created for Dan W.
2024-02-27 14:11:14.4340 | Info | New account created for Beers.
2024-02-27 14:11:14.4340 | Info | New account created for 8.76.
2024-02-27 14:11:14.4340 | Info | New account created for 02/12/2014.
2024-02-27 14:11:14.4340 | Info | New account created for Jon A.
2024-02-27 14:11:14.4340 | Info | New account created for Sam N.
2024-02-27 14:11:14.4340 | Info | New account created for Pokemon Training.
2024-02-27 14:11:14.4340 | Info | New account created for 11.04.
2024-02-27 14:11:14.4340 | Info | New account created for 06/12/2014.
2024-02-27 14:11:14.4340 | Info | New account created for Gergana I.
2024-02-27 14:11:14.4340 | Info | New account created for Rob S.
2024-02-27 14:11:14.4340 | Info | New account created for Lego Assistance.
2024-02-27 14:11:14.4340 | Info | New account created for 5.64.
2024-02-27 14:11:14.4491 | Info | New account created for 09/12/2014.
2024-02-27 14:11:14.4491 | Info | New account created for Jon A.
2024-02-27 14:11:14.4491 | Info | New account created for Chris W.
2024-02-27 14:11:14.4491 | Info | New account created for Pokemon Training.
2024-02-27 14:11:14.4491 | Info | New account created for 2.26.
2024-02-27 14:11:14.4491 | Info | New account created for 12/12/2014.
2024-02-27 14:11:14.4491 | Info | New account created for Dan W.
2024-02-27 14:11:14.4491 | Info | New account created for Tim L.
2024-02-27 14:11:14.4491 | Info | New account created for Coffee.
2024-02-27 14:11:14.4491 | Info | New account created for 4.5.
2024-02-27 14:11:14.4491 | Info | New account created for 14/12/2014.
2024-02-27 14:11:14.4491 | Info | New account created for Gergana I.
2024-02-27 14:11:14.4491 | Info | New account created for Laura B.
2024-02-27 14:11:14.4491 | Info | New account created for Lunch.
2024-02-27 14:11:14.4491 | Info | New account created for 4.26.
2024-02-27 14:11:14.4491 | Info | New account created for 16/12/2014.
2024-02-27 14:11:14.4491 | Info | New account created for Todd.
2024-02-27 14:11:14.4491 | Info | New account created for Tim L.
2024-02-27 14:11:14.4491 | Info | New account created for Poker Winnings.
2024-02-27 14:11:14.4491 | Info | New account created for 7.17.
2024-02-27 14:11:14.4491 | Info | New account created for 18/12/2014.
2024-02-27 14:11:14.4491 | Info | New account created for Chris W.
2024-02-27 14:11:14.4491 | Info | New account created for Ben B.
2024-02-27 14:11:14.4491 | Info | New account created for Coffee.
2024-02-27 14:11:14.4491 | Info | New account created for 11.17.
2024-02-27 14:11:14.4491 | Info | New account created for 20/12/2014.
2024-02-27 14:11:14.4491 | Info | New account created for Rob S.
2024-02-27 14:11:14.4491 | Info | New account created for Gergana I.
2024-02-27 14:11:14.4491 | Info | New account created for Lunch.
2024-02-27 14:11:14.4491 | Info | New account created for 1.07.
2024-02-27 14:11:14.4491 | Info | New account created for 21/12/2014.
2024-02-27 14:11:14.4491 | Info | New account created for Gergana I.
2024-02-27 14:11:14.4491 | Info | New account created for Laura B.
2024-02-27 14:11:14.4491 | Info | New account created for Pokemon Training.
2024-02-27 14:11:14.4491 | Info | New account created for 6.86.
2024-02-27 14:11:14.4491 | Info | New account created for 22/12/2014.
2024-02-27 14:11:14.4491 | Info | New account created for Dan W.
2024-02-27 14:11:14.4491 | Info | New account created for Jon A.
2024-02-27 14:11:14.4491 | Info | New account created for Lunch.
2024-02-27 14:11:14.4491 | Info | New account created for 3.66.
2024-02-27 14:11:14.4491 | Info | New account created for 25/12/2014.
2024-02-27 14:11:14.4491 | Info | New account created for Todd.
2024-02-27 14:11:14.4491 | Info | New account created for Rob S.
2024-02-27 14:11:14.4491 | Info | New account created for Lego Assistance.
2024-02-27 14:11:14.4491 | Info | New account created for 1.86.
2024-02-27 14:11:14.4491 | Info | New account created for 28/12/2014.
2024-02-27 14:11:14.4491 | Info | New account created for Ben B.
2024-02-27 14:11:14.4491 | Info | New account created for Laura B.
2024-02-27 14:11:14.4491 | Info | New account created for Coffee.
2024-02-27 14:11:14.4491 | Info | New account created for 1.44.
2024-02-27 14:11:14.4491 | Info | New account created for 29/12/2014.
2024-02-27 14:11:14.4491 | Info | New account created for Ben B.
2024-02-27 14:11:14.4491 | Info | New account created for Sam N.
2024-02-27 14:11:14.4491 | Info | New account created for Coffee.
2024-02-27 14:11:14.4491 | Info | New account created for 5.26.
2024-02-27 14:19:34.9210 | Info | App starting.
2024-02-27 14:20:22.9860 | Info | App starting.
2024-02-27 14:20:23.0135 | Info | App starting.
2024-02-27 14:23:14.0131 | Info | App starting.
2024-02-27 14:23:14.0461 | Info | Check Balance starting.
2024-02-27 14:24:12.1236 | Info | App starting.
2024-02-27 14:24:12.1518 | Info | Check Balance starting.
2024-02-27 14:24:12.1594 | Info | checking  .
2024-02-27 14:25:17.9677 | Info | App starting.
2024-02-27 14:25:17.9995 | Info | Check Balance starting.
2024-02-27 14:26:24.9246 | Info | App starting.
2024-02-27 14:26:24.9510 | Info | Check Balance starting.
2024-02-27 14:26:25.0014 | Info | checking  SupportBank.BankManagement.Transaction, SupportBank.BankManagement.Transaction, SupportBank.BankManagement.Transaction, SupportBank.BankManagement.Transaction, SupportBank.BankManagement.Transaction, SupportBank.BankManagement.Transaction, SupportBank.BankManagement.Transaction, SupportBank.BankManagement.Transaction, SupportBank.BankManagement.Transaction, SupportBank.BankManagement.Transaction, SupportBank.BankManagement.Transaction, SupportBank.BankManagement.Transaction, SupportBank.BankManagement.Transaction, SupportBank.BankManagement.Transaction, SupportBank.BankManagement.Transaction, SupportBank.BankManagement.Transaction, SupportBank.BankManagement.Transaction, SupportBank.BankManagement.Transaction, SupportBank.BankManagement.Transaction, SupportBank.BankManagement.Transaction, SupportBank.BankManagement.Transaction, SupportBank.BankManagement.Transaction, SupportBank.BankManagement.Transaction, SupportBank.BankManagement.Transaction, SupportBank.BankManagement.Transaction, SupportBank.BankManagement.Transaction, SupportBank.BankManagement.Transaction, SupportBank.BankManagement.Transaction, SupportBank.BankManagement.Transaction, SupportBank.BankManagement.Transaction, SupportBank.BankManagement.Transaction, SupportBank.BankManagement.Transaction, SupportBank.BankManagement.Transaction, SupportBank.BankManagement.Transaction, SupportBank.BankManagement.Transaction, SupportBank.BankManagement.Transaction, SupportBank.BankManagement.Transaction, SupportBank.BankManagement.Transaction, SupportBank.BankManagement.Transaction, SupportBank.BankManagement.Transaction, SupportBank.BankManagement.Transaction, SupportBank.BankManagement.Transaction, SupportBank.BankManagement.Transaction, SupportBank.BankManagement.Transaction, SupportBank.BankManagement.Transaction, SupportBank.BankManagement.Transaction, SupportBank.BankManagement.Transaction, SupportBank.BankManagement.Transaction, SupportBank.BankManagement.Transaction, SupportBank.BankManagement.Transaction, SupportBank.BankManagement.Transaction, SupportBank.BankManagement.Transaction, SupportBank.BankManagement.Transaction, SupportBank.BankManagement.Transaction, SupportBank.BankManagement.Transaction, SupportBank.BankManagement.Transaction, SupportBank.BankManagement.Transaction, SupportBank.BankManagement.Transaction, SupportBank.BankManagement.Transaction, SupportBank.BankManagement.Transaction, SupportBank.BankManagement.Transaction, SupportBank.BankManagement.Transaction, SupportBank.BankManagement.Transaction, SupportBank.BankManagement.Transaction, SupportBank.BankManagement.Transaction, SupportBank.BankManagement.Transaction, SupportBank.BankManagement.Transaction, SupportBank.BankManagement.Transaction, SupportBank.BankManagement.Transaction, SupportBank.BankManagement.Transaction, SupportBank.BankManagement.Transaction, SupportBank.BankManagement.Transaction, SupportBank.BankManagement.Transaction, SupportBank.BankManagement.Transaction, SupportBank.BankManagement.Transaction, SupportBank.BankManagement.Transaction, SupportBank.BankManagement.Transaction, SupportBank.BankManagement.Transaction, SupportBank.BankManagement.Transaction, SupportBank.BankManagement.Transaction, SupportBank.BankManagement.Transaction, SupportBank.BankManagement.Transaction, SupportBank.BankManagement.Transaction, SupportBank.BankManagement.Transaction, SupportBank.BankManagement.Transaction, SupportBank.BankManagement.Transaction, SupportBank.BankManagement.Transaction, SupportBank.BankManagement.Transaction, SupportBank.BankManagement.Transaction, SupportBank.BankManagement.Transaction, SupportBank.BankManagement.Transaction, SupportBank.BankManagement.Transaction, SupportBank.BankManagement.Transaction, SupportBank.BankManagement.Transaction, SupportBank.BankManagement.Transaction, SupportBank.BankManagement.Transaction, SupportBank.BankManagement.Transaction, SupportBank.BankManagement.Transaction, SupportBank.BankManagement.Transaction, SupportBank.BankManagement.Transaction, SupportBank.BankManagement.Transaction, SupportBank.BankManagement.Transaction, SupportBank.BankManagement.Transaction, SupportBank.BankManagement.Transaction, SupportBank.BankManagement.Transaction, SupportBank.BankManagement.Transaction, SupportBank.BankManagement.Transaction, SupportBank.BankManagement.Transaction, SupportBank.BankManagement.Transaction, SupportBank.BankManagement.Transaction, SupportBank.BankManagement.Transaction, SupportBank.BankManagement.Transaction, SupportBank.BankManagement.Transaction, SupportBank.BankManagement.Transaction, SupportBank.BankManagement.Transaction, SupportBank.BankManagement.Transaction, SupportBank.BankManagement.Transaction, SupportBank.BankManagement.Transaction, SupportBank.BankManagement.Transaction, SupportBank.BankManagement.Transaction, SupportBank.BankManagement.Transaction, SupportBank.BankManagement.Transaction, SupportBank.BankManagement.Transaction, SupportBank.BankManagement.Transaction, SupportBank.BankManagement.Transaction, SupportBank.BankManagement.Transaction, SupportBank.BankManagement.Transaction, SupportBank.BankManagement.Transaction, SupportBank.BankManagement.Transaction, SupportBank.BankManagement.Transaction, SupportBank.BankManagement.Transaction, SupportBank.BankManagement.Transaction, SupportBank.BankManagement.Transaction, SupportBank.BankManagement.Transaction, SupportBank.BankManagement.Transaction, SupportBank.BankManagement.Transaction, SupportBank.BankManagement.Transaction, SupportBank.BankManagement.Transaction, SupportBank.BankManagement.Transaction, SupportBank.BankManagement.Transaction, SupportBank.BankManagement.Transaction, SupportBank.BankManagement.Transaction, SupportBank.BankManagement.Transaction, SupportBank.BankManagement.Transaction, SupportBank.BankManagement.Transaction, SupportBank.BankManagement.Transaction, SupportBank.BankManagement.Transaction, SupportBank.BankManagement.Transaction.
2024-02-27 14:27:36.5325 | Info | App starting.
2024-02-27 14:27:36.5668 | Info | Check Balance starting.
2024-02-27 14:27:36.6155 | Info | Jon A balance: -88.62
2024-02-27 14:27:36.6155 | Info | Sarah T balance: -28.81
2024-02-27 14:27:36.6155 | Info | Stephen S balance: 37.21
2024-02-27 14:27:36.6155 | Info | Tim L balance: 19.82
2024-02-27 14:27:36.6155 | Info | Laura B balance: -22.30
2024-02-27 14:27:36.6155 | Info | Rob S balance: 26.75
2024-02-27 14:27:36.6155 | Info | Ben B balance: 33.65
2024-02-27 14:27:36.6155 | Info | Sam N balance: 28.50
2024-02-27 14:27:36.6155 | Info | Gergana I balance: 46.37
2024-02-27 14:27:36.6155 | Info | Todd balance: -12.03
2024-02-27 14:27:36.6155 | Info | Chris W balance: -44.95
2024-02-27 14:27:36.6214 | Info | Dan W balance: 4.41
2024-02-27 14:30:15.8066 | Info | App starting.
2024-02-27 14:30:15.8337 | Info | Check Balance starting.
2024-02-27 14:30:15.8861 | Info | Jon A balance: -88.62
2024-02-27 14:30:15.8874 | Info | Sarah T balance: -28.81
2024-02-27 14:30:15.8874 | Info | Stephen S balance: 37.21
2024-02-27 14:30:15.8874 | Info | Tim L balance: 19.82
2024-02-27 14:30:15.8874 | Info | Laura B balance: -22.30
2024-02-27 14:30:15.8874 | Info | Rob S balance: 26.75
2024-02-27 14:30:15.8874 | Info | Ben B balance: 33.65
2024-02-27 14:30:15.8874 | Info | Sam N balance: 28.50
2024-02-27 14:30:15.8874 | Info | Gergana I balance: 46.37
2024-02-27 14:30:15.8874 | Info | Todd balance: -12.03
2024-02-27 14:30:15.8874 | Info | Chris W balance: -44.95
2024-02-27 14:30:15.8874 | Info | Dan W balance: 4.41
2024-02-27 14:36:40.8407 | Info | App starting.
2024-02-27 14:36:40.8696 | Info | Check Balance starting.
2024-02-27 14:36:40.9177 | Info | Jon A balance: -88.62
2024-02-27 14:36:40.9177 | Info | Sarah T balance: -28.81
2024-02-27 14:36:40.9177 | Info | Stephen S balance: 37.21
2024-02-27 14:36:40.9177 | Info | Tim L balance: 19.82
2024-02-27 14:36:40.9177 | Info | Laura B balance: -22.30
2024-02-27 14:36:40.9177 | Info | Rob S balance: 26.75
2024-02-27 14:36:40.9177 | Info | Ben B balance: 33.65
2024-02-27 14:36:40.9177 | Info | Sam N balance: 28.50
2024-02-27 14:36:40.9177 | Info | Gergana I balance: 46.37
2024-02-27 14:36:40.9177 | Info | Todd balance: -12.03
2024-02-27 14:36:40.9177 | Info | Chris W balance: -44.95
2024-02-27 14:36:40.9177 | Info | Dan W balance: 4.41
2024-02-27 14:38:18.5819 | Info | App starting.
2024-02-27 14:38:18.6096 | Info | Check Balance starting.
2024-02-27 14:38:18.6569 | Info | Jon A balance: -88.62
2024-02-27 14:38:18.6569 | Info | Sarah T balance: -28.81
2024-02-27 14:38:18.6569 | Info | Stephen S balance: 37.21
2024-02-27 14:38:18.6569 | Info | Tim L balance: 19.82
2024-02-27 14:38:18.6569 | Info | Laura B balance: -22.30
2024-02-27 14:38:18.6569 | Info | Rob S balance: 26.75
2024-02-27 14:38:18.6569 | Info | Ben B balance: 33.65
2024-02-27 14:38:18.6569 | Info | Sam N balance: 28.50
2024-02-27 14:38:18.6569 | Info | Gergana I balance: 46.37
2024-02-27 14:38:18.6569 | Info | Todd balance: -12.03
2024-02-27 14:38:18.6569 | Info | Chris W balance: -44.95
2024-02-27 14:38:18.6569 | Info | Dan W balance: 4.41
2024-02-27 14:40:20.2415 | Info | App starting.
2024-02-27 14:40:20.2728 | Info | Check Balance starting.
2024-02-27 14:40:20.3242 | Info | Jon A balance: -88.62
2024-02-27 14:40:20.3242 | Info | Sarah T balance: -28.81
2024-02-27 14:40:20.3242 | Info | Stephen S balance: 37.21
2024-02-27 14:40:20.3242 | Info | Tim L balance: 19.82
2024-02-27 14:40:20.3242 | Info | Laura B balance: -22.30
2024-02-27 14:40:20.3242 | Info | Rob S balance: 26.75
2024-02-27 14:40:20.3242 | Info | Ben B balance: 33.65
2024-02-27 14:40:20.3242 | Info | Sam N balance: 28.50
2024-02-27 14:40:20.3242 | Info | Gergana I balance: 46.37
2024-02-27 14:40:20.3242 | Info | Todd balance: -12.03
2024-02-27 14:40:20.3242 | Info | Chris W balance: -44.95
2024-02-27 14:40:20.3242 | Info | Dan W balance: 4.41
2024-02-27 15:01:26.8258 | Info | Check Balance starting.
2024-02-27 15:01:26.8858 | Info | Jon A balance: (88.62)
2024-02-27 15:01:26.8882 | Info | Sarah T balance: (28.81)
2024-02-27 15:01:26.8882 | Info | Stephen S balance: 37.21
2024-02-27 15:01:26.8882 | Info | Tim L balance: 19.82
2024-02-27 15:01:26.8882 | Info | Laura B balance: (22.30)
2024-02-27 15:01:26.8882 | Info | Rob S balance: 26.75
2024-02-27 15:01:26.8882 | Info | Ben B balance: 33.65
2024-02-27 15:01:26.8882 | Info | Sam N balance: 28.50
2024-02-27 15:01:26.8882 | Info | Gergana I balance: 46.37
2024-02-27 15:01:26.8882 | Info | Todd balance: (12.03)
2024-02-27 15:01:26.8882 | Info | Chris W balance: (44.95)
2024-02-27 15:01:26.8882 | Info | Dan W balance: 4.41
2024-02-27 15:35:49.4537 | Info | Check Balance starting.
2024-02-27 15:41:25.5110 | Info | Add transaction logger starting
2024-02-27 15:46:55.0700 | Info | Add transaction logger starting
2024-02-27 15:46:55.0968 | Info | csv convertion sucessful
2024-02-27 15:48:08.8842 | Info | Add transaction logger starting
2024-02-27 15:48:08.9092 | Info | csv convertion sucessful
2024-02-27 15:48:55.8628 | Info | Add transaction logger starting
2024-02-27 15:48:55.9271 | Info | New account created for 01/01/2015.
2024-02-27 15:48:55.9271 | Info | New account created for Laura B.
2024-02-27 15:48:55.9271 | Info | New account created for Sarah T.
2024-02-27 15:48:55.9339 | Info | New account created for Misc Morale.
2024-02-27 15:48:55.9339 | Info | New account created for 10.54.
2024-02-27 15:48:55.9339 | Info | New account created for 04/01/2015.
2024-02-27 15:48:55.9339 | Info | New account created for Stephen S.
2024-02-27 15:48:55.9339 | Info | New account created for Gergana I.
2024-02-27 15:48:55.9339 | Info | New account created for Lunch.
2024-02-27 15:48:55.9339 | Info | New account created for 3.22.
2024-02-27 15:48:55.9339 | Info | New account created for 07/01/2015.
2024-02-27 15:48:55.9339 | Info | New account created for Ben B.
2024-02-27 15:48:55.9339 | Info | New account created for Jon A.
2024-02-27 15:48:55.9339 | Info | New account created for Fantasy Football.
2024-02-27 15:48:55.9339 | Info | New account created for 9.93.
2024-02-27 15:48:55.9339 | Info | New account created for 11/01/2015.
2024-02-27 15:48:55.9339 | Info | New account created for Ben B.
2024-02-27 15:48:55.9339 | Info | New account created for Todd.
2024-02-27 15:48:55.9339 | Info | New account created for Lunch.
2024-02-27 15:48:55.9339 | Info | New account created for 7.33.
2024-02-27 15:48:55.9339 | Info | New account created for 12/01/2015.
2024-02-27 15:48:55.9339 | Info | New account created for Laura B.
2024-02-27 15:48:55.9339 | Info | New account created for Ben B.
2024-02-27 15:48:55.9339 | Info | New account created for Beers.
2024-02-27 15:48:55.9339 | Info | New account created for 8.94.
2024-02-27 15:48:55.9339 | Info | New account created for 15/01/2015.
2024-02-27 15:48:55.9339 | Info | New account created for Todd.
2024-02-27 15:48:55.9339 | Info | New account created for Rob S.
2024-02-27 15:48:55.9339 | Info | New account created for Beers.
2024-02-27 15:48:55.9339 | Info | New account created for 10.19.
2024-02-27 15:48:55.9339 | Info | New account created for 16/01/2015.
2024-02-27 15:48:55.9339 | Info | New account created for Laura B.
2024-02-27 15:48:55.9339 | Info | New account created for Jon A.
2024-02-27 15:48:55.9339 | Info | New account created for Lego Assistance.
2024-02-27 15:48:55.9339 | Info | New account created for 0.69.
2024-02-27 15:48:55.9339 | Info | New account created for 18/01/2015.
2024-02-27 15:48:55.9339 | Info | New account created for Jon A.
2024-02-27 15:48:55.9339 | Info | New account created for Sarah T.
2024-02-27 15:48:55.9339 | Info | New account created for Coffee.
2024-02-27 15:48:55.9339 | Info | New account created for 10.73.
2024-02-27 15:48:55.9339 | Info | New account created for 22/01/2015.
2024-02-27 15:48:55.9339 | Info | New account created for Gergana I.
2024-02-27 15:48:55.9339 | Info | New account created for Todd.
2024-02-27 15:48:55.9339 | Info | New account created for Coffee.
2024-02-27 15:48:55.9339 | Info | New account created for 0.8.
2024-02-27 15:48:55.9339 | Info | New account created for 24/01/2015.
2024-02-27 15:48:55.9339 | Info | New account created for Gergana I.
2024-02-27 15:48:55.9339 | Info | New account created for Chris W.
2024-02-27 15:48:55.9339 | Info | New account created for Coffee.
2024-02-27 15:48:55.9339 | Info | New account created for 8.49.
2024-02-27 15:48:55.9339 | Info | New account created for 27/01/2015.
2024-02-27 15:48:55.9339 | Info | New account created for Laura B.
2024-02-27 15:48:55.9339 | Info | New account created for Tim L.
2024-02-27 15:48:55.9339 | Info | New account created for Jenkins Fees.
2024-02-27 15:48:55.9339 | Info | New account created for 0.52.
2024-02-27 15:48:55.9339 | Info | New account created for 29/01/2015.
2024-02-27 15:48:55.9339 | Info | New account created for Sam N.
2024-02-27 15:48:55.9339 | Info | New account created for Chris W.
2024-02-27 15:48:55.9339 | Info | New account created for Lunch.
2024-02-27 15:48:55.9339 | Info | New account created for 9.01.
2024-02-27 15:48:55.9339 | Info | New account created for 01/02/2015.
2024-02-27 15:48:55.9339 | Info | New account created for Stephen S.
2024-02-27 15:48:55.9339 | Info | New account created for Laura B.
2024-02-27 15:48:55.9339 | Info | New account created for Coffee.
2024-02-27 15:48:55.9494 | Info | New account created for 7.53.
2024-02-27 15:48:55.9494 | Info | New account created for 02/02/2015.
2024-02-27 15:48:55.9494 | Info | New account created for Stephen S.
2024-02-27 15:48:55.9494 | Info | New account created for Rob S.
2024-02-27 15:48:55.9494 | Info | New account created for Fantasy Football.
2024-02-27 15:48:55.9494 | Info | New account created for 7.43.
2024-02-27 15:48:55.9494 | Info | New account created for 04/02/2015.
2024-02-27 15:48:55.9494 | Info | New account created for Rob S.
2024-02-27 15:48:55.9494 | Info | New account created for Stephen S.
2024-02-27 15:48:55.9494 | Info | New account created for Fantasy Football.
2024-02-27 15:48:55.9494 | Info | New account created for 5.78.
2024-02-27 15:48:55.9494 | Info | New account created for 06/02/2015.
2024-02-27 15:48:55.9494 | Info | New account created for Dan W.
2024-02-27 15:48:55.9494 | Info | New account created for Gergana I.
2024-02-27 15:48:55.9494 | Info | New account created for Automated Testing Services.
2024-02-27 15:48:55.9494 | Info | New account created for 10.29.
2024-02-27 15:48:55.9494 | Info | New account created for 07/02/2015.
2024-02-27 15:48:55.9494 | Info | New account created for Jon A.
2024-02-27 15:48:55.9494 | Info | New account created for Chris W.
2024-02-27 15:48:55.9494 | Info | New account created for Rails Consultancy.
2024-02-27 15:48:55.9494 | Info | New account created for 7.37.
2024-02-27 15:48:55.9494 | Info | New account created for 10/02/2015.
2024-02-27 15:48:55.9494 | Info | New account created for Sam N.
2024-02-27 15:48:55.9494 | Info | New account created for Gergana I.
2024-02-27 15:48:55.9494 | Info | New account created for Sandbox Help.
2024-02-27 15:48:55.9494 | Info | New account created for 9.84.
2024-02-27 15:48:55.9494 | Info | New account created for 11/02/2015.
2024-02-27 15:48:55.9494 | Info | New account created for Chris W.
2024-02-27 15:48:55.9494 | Info | New account created for Stephen S.
2024-02-27 15:48:55.9494 | Info | New account created for Misc Morale.
2024-02-27 15:48:55.9494 | Info | New account created for 0.68.
2024-02-27 15:48:55.9494 | Info | New account created for 13/02/2015.
2024-02-27 15:48:55.9494 | Info | New account created for Laura B.
2024-02-27 15:48:55.9494 | Info | New account created for Gergana I.
2024-02-27 15:48:55.9494 | Info | New account created for Beers.
2024-02-27 15:48:55.9494 | Info | New account created for 6.56.
2024-02-27 15:48:55.9494 | Info | New account created for 16/02/2015.
2024-02-27 15:48:55.9494 | Info | New account created for Chris W.
2024-02-27 15:48:55.9494 | Info | New account created for Dan W.
2024-02-27 15:48:55.9494 | Info | New account created for Jenkins Fees.
2024-02-27 15:48:55.9494 | Info | New account created for 1.28.
2024-02-27 15:48:55.9494 | Info | New account created for 17/02/2015.
2024-02-27 15:48:55.9494 | Info | New account created for Sarah T.
2024-02-27 15:48:55.9494 | Info | New account created for Dan W.
2024-02-27 15:48:55.9494 | Info | New account created for Sandbox Help.
2024-02-27 15:48:55.9494 | Info | New account created for 11.48.
2024-02-27 15:48:55.9494 | Info | New account created for 18/02/2015.
2024-02-27 15:48:55.9494 | Info | New account created for Stephen S.
2024-02-27 15:48:55.9494 | Info | New account created for Rob S.
2024-02-27 15:48:55.9494 | Info | New account created for Lego Assistance.
2024-02-27 15:48:55.9494 | Info | New account created for 4.83.
2024-02-27 15:48:55.9494 | Info | New account created for 21/02/2015.
2024-02-27 15:48:55.9494 | Info | New account created for Dan W.
2024-02-27 15:48:55.9494 | Info | New account created for Ben B.
2024-02-27 15:48:55.9494 | Info | New account created for Pokemon Training.
2024-02-27 15:48:55.9494 | Info | New account created for 0.5.
2024-02-27 15:48:55.9494 | Info | New account created for 24/02/2015.
2024-02-27 15:48:55.9494 | Info | New account created for Todd.
2024-02-27 15:48:55.9494 | Info | New account created for Gergana I.
2024-02-27 15:48:55.9494 | Info | New account created for Coffee.
2024-02-27 15:48:55.9494 | Info | New account created for 9.08.
2024-02-27 15:48:55.9494 | Info | New account created for 26/02/2015.
2024-02-27 15:48:55.9494 | Info | New account created for Stephen S.
2024-02-27 15:48:55.9494 | Info | New account created for Jon A.
2024-02-27 15:48:55.9494 | Info | New account created for Pokemon Training.
2024-02-27 15:48:55.9494 | Info | New account created for 4.23.
2024-02-27 16:03:25.6051 | Info | Add transaction logger starting
2024-02-27 16:03:33.4438 | Info | Add transaction logger starting
2024-02-28 10:44:32.1789 | Info | Add transaction logger starting
2024-02-28 10:44:32.2620 | Info | Check Balance starting.
2024-02-28 10:46:39.1296 | Info | Add transaction logger starting
2024-02-28 10:46:39.2097 | Info | Check Balance starting.
2024-02-28 11:25:42.4681 | Info | Add transaction logger starting
2024-02-28 11:25:42.5418 | Info | Check Balance starting.
2024-02-28 11:28:06.1578 | Info | Add transaction logger starting
2024-02-28 11:28:06.2475 | Info | Check Balance starting.
